0 verbose cli C:\Program Files\nodejs\node.exe C:\Program Files\nodejs\node_modules\npm\bin\npm-cli.js
1 info using npm@10.9.2
2 info using node@v22.15.1
3 silly config load:file:C:\Program Files\nodejs\node_modules\npm\npmrc
4 silly config load:file:C:\Users\abhim\AppData\Local\Microsoft\TypeScript\5.8\.npmrc
5 silly config load:file:C:\Users\abhim\.npmrc
6 silly config load:file:C:\Users\abhim\AppData\Roaming\npm\etc\npmrc
7 verbose title npm install types-registry@latest
8 verbose argv "install" "--ignore-scripts" "types-registry@latest"
9 verbose logfile logs-max:10 dir:C:\Users\abhim\AppData\Local\npm-cache\_logs\2025-06-02T20_40_57_746Z-
10 verbose logfile C:\Users\abhim\AppData\Local\npm-cache\_logs\2025-06-02T20_40_57_746Z-debug-0.log
11 silly logfile done cleaning log files
12 silly packumentCache heap:2197815296 maxSize:549453824 maxEntrySize:274726912
13 silly packumentCache corgi:https://registry.npmjs.org/types-registry cache-miss
14 http fetch GET 200 https://registry.npmjs.org/types-registry 1833ms (cache revalidated)
15 silly packumentCache corgi:https://registry.npmjs.org/types-registry set size:599852 disposed:false
16 silly idealTree buildDeps
17 silly fetch manifest types-registry@0.1.723
18 silly packumentCache full:https://registry.npmjs.org/types-registry cache-miss
19 http fetch GET 200 https://registry.npmjs.org/types-registry 124ms (cache revalidated)
20 silly packumentCache full:https://registry.npmjs.org/types-registry set size:1271401 disposed:false
21 silly placeDep ROOT types-registry@0.1.723 REPLACE for:  want: 0.1.723
22 silly reify moves {}
23 silly audit bulk request {
23 silly audit   '@types/node': [ '22.15.20' ],
23 silly audit   '@types/react': [ '19.1.4' ],
23 silly audit   csstype: [ '3.1.3' ],
23 silly audit   'undici-types': [ '6.21.0' ],
23 silly audit   'types-registry': [ '0.1.723' ]
23 silly audit }
24 http fetch POST 200 https://registry.npmjs.org/-/npm/v1/security/advisories/bulk 1114ms
25 silly audit report {}
26 verbose cwd C:\Users\abhim\AppData\Local\Microsoft\TypeScript\5.8
27 verbose os Windows_NT 10.0.26100
28 verbose node v22.15.1
29 verbose npm  v10.9.2
30 verbose exit 0
31 info ok
