0 verbose cli C:\Program Files\nodejs\node.exe C:\Program Files\nodejs\node_modules\npm\bin\npm-cli.js
1 info using npm@10.9.2
2 info using node@v22.15.1
3 silly config load:file:C:\Program Files\nodejs\node_modules\npm\npmrc
4 silly config load:file:C:\Users\abhim\AppData\Local\Microsoft\TypeScript\5.8\.npmrc
5 silly config load:file:C:\Users\abhim\.npmrc
6 silly config load:file:C:\Users\abhim\AppData\Roaming\npm\etc\npmrc
7 verbose title npm install types-registry@latest
8 verbose argv "install" "--ignore-scripts" "types-registry@latest"
9 verbose logfile logs-max:10 dir:C:\Users\abhim\AppData\Local\npm-cache\_logs\2025-06-01T03_48_27_269Z-
10 verbose logfile C:\Users\abhim\AppData\Local\npm-cache\_logs\2025-06-01T03_48_27_269Z-debug-0.log
11 silly logfile done cleaning log files
12 silly packumentCache heap:2197815296 maxSize:549453824 maxEntrySize:274726912
13 silly packumentCache corgi:https://registry.npmjs.org/types-registry cache-miss
14 http fetch GET 200 https://registry.npmjs.org/types-registry 1280ms (cache updated)
15 silly packumentCache corgi:https://registry.npmjs.org/types-registry set size:undefined disposed:false
16 silly idealTree buildDeps
17 silly fetch manifest types-registry@0.1.723
18 silly packumentCache full:https://registry.npmjs.org/types-registry cache-miss
19 http fetch GET 200 https://registry.npmjs.org/npm 1496ms
20 http fetch GET 200 https://registry.npmjs.org/types-registry 478ms (cache updated)
21 silly packumentCache full:https://registry.npmjs.org/types-registry set size:undefined disposed:false
22 silly placeDep ROOT types-registry@0.1.723 REPLACE for:  want: 0.1.723
23 silly reify mark retired [
23 silly reify   'C:\\Users\\abhim\\AppData\\Local\\Microsoft\\TypeScript\\5.8\\node_modules\\types-registry'
23 silly reify ]
24 silly reify moves {
24 silly reify   'C:\\Users\\abhim\\AppData\\Local\\Microsoft\\TypeScript\\5.8\\node_modules\\types-registry': 'C:\\Users\\abhim\\AppData\\Local\\Microsoft\\TypeScript\\5.8\\node_modules\\.types-registry-QzLZaT9P'
24 silly reify }
25 silly audit bulk request {
25 silly audit   '@types/node': [ '22.15.20' ],
25 silly audit   '@types/react': [ '19.1.4' ],
25 silly audit   csstype: [ '3.1.3' ],
25 silly audit   'undici-types': [ '6.21.0' ],
25 silly audit   'types-registry': [ '0.1.723' ]
25 silly audit }
26 http cache types-registry@https://registry.npmjs.org/types-registry/-/types-registry-0.1.723.tgz 1ms (cache hit)
27 silly tarball no local data for types-registry@https://registry.npmjs.org/types-registry/-/types-registry-0.1.723.tgz. Extracting by manifest.
28 http fetch POST 200 https://registry.npmjs.org/-/npm/v1/security/advisories/bulk 265ms
29 silly audit report {}
30 http fetch GET 200 https://registry.npmjs.org/types-registry/-/types-registry-0.1.723.tgz 412ms (cache miss)
31 silly CHANGE node_modules/types-registry
32 verbose cwd C:\Users\abhim\AppData\Local\Microsoft\TypeScript\5.8
33 verbose os Windows_NT 10.0.26100
34 verbose node v22.15.1
35 verbose npm  v10.9.2
36 notice
36 notice New major version of npm available! 10.9.2 -> 11.4.1
36 notice Changelog: https://github.com/npm/cli/releases/tag/v11.4.1
36 notice To update run: npm install -g npm@11.4.1
36 notice  { force: true, [Symbol(proc-log.meta)]: true }
37 verbose exit 0
38 info ok
