0 verbose cli C:\Program Files\nodejs\node.exe C:\Program Files\nodejs\node_modules\npm\bin\npm-cli.js
1 info using npm@10.9.2
2 info using node@v22.15.1
3 silly config load:file:C:\Program Files\nodejs\node_modules\npm\npmrc
4 silly config load:file:C:\Users\abhim\AppData\Local\Microsoft\TypeScript\5.8\.npmrc
5 silly config load:file:C:\Users\abhim\.npmrc
6 silly config load:file:C:\Users\abhim\AppData\Roaming\npm\etc\npmrc
7 verbose title npm install types-registry@latest
8 verbose argv "install" "--ignore-scripts" "types-registry@latest"
9 verbose logfile logs-max:10 dir:C:\Users\abhim\AppData\Local\npm-cache\_logs\2025-05-20T18_06_26_505Z-
10 verbose logfile C:\Users\abhim\AppData\Local\npm-cache\_logs\2025-05-20T18_06_26_505Z-debug-0.log
11 silly logfile done cleaning log files
12 silly packumentCache heap:2197815296 maxSize:549453824 maxEntrySize:274726912
13 silly packumentCache corgi:https://registry.npmjs.org/types-registry cache-miss
14 http fetch GET 200 https://registry.npmjs.org/npm 431ms
15 http fetch GET 200 https://registry.npmjs.org/types-registry 302ms (cache miss)
16 silly packumentCache corgi:https://registry.npmjs.org/types-registry set size:undefined disposed:false
17 silly idealTree buildDeps
18 silly fetch manifest types-registry@0.1.721
19 silly packumentCache full:https://registry.npmjs.org/types-registry cache-miss
20 http fetch GET 200 https://registry.npmjs.org/types-registry 139ms (cache miss)
21 silly packumentCache full:https://registry.npmjs.org/types-registry set size:undefined disposed:false
22 silly placeDep ROOT types-registry@0.1.721 OK for:  want: 0.1.721
23 silly reify moves {}
24 silly audit bulk request { 'types-registry': [ '0.1.721' ] }
25 http cache types-registry@https://registry.npmjs.org/types-registry/-/types-registry-0.1.721.tgz 0ms (cache hit)
26 silly tarball no local data for types-registry@https://registry.npmjs.org/types-registry/-/types-registry-0.1.721.tgz. Extracting by manifest.
27 http fetch POST 200 https://registry.npmjs.org/-/npm/v1/security/advisories/bulk 160ms
28 silly audit report {}
29 http fetch GET 200 https://registry.npmjs.org/types-registry/-/types-registry-0.1.721.tgz 168ms (cache miss)
30 silly ADD node_modules/types-registry
31 verbose cwd C:\Users\abhim\AppData\Local\Microsoft\TypeScript\5.8
32 verbose os Windows_NT 10.0.26100
33 verbose node v22.15.1
34 verbose npm  v10.9.2
35 notice
35 notice New major version of npm available! 10.9.2 -> 11.4.0
35 notice Changelog: https://github.com/npm/cli/releases/tag/v11.4.0
35 notice To update run: npm install -g npm@11.4.0
35 notice  { force: true, [Symbol(proc-log.meta)]: true }
36 verbose exit 0
37 info ok
