0 verbose cli C:\Program Files\nodejs\node.exe C:\Program Files\nodejs\node_modules\npm\bin\npm-cli.js
1 info using npm@10.9.2
2 info using node@v22.15.1
3 silly config load:file:C:\Program Files\nodejs\node_modules\npm\npmrc
4 silly config load:file:C:\Users\abhim\OneDrive\Desktop\Python\Node Js\.npmrc
5 silly config load:file:C:\Users\abhim\.npmrc
6 silly config load:file:C:\Users\abhim\AppData\Roaming\npm\etc\npmrc
7 verbose title npm init
8 verbose argv "init" "--yes"
9 verbose logfile logs-max:10 dir:C:\Users\abhim\AppData\Local\npm-cache\_logs\2025-06-02T20_31_54_594Z-
10 verbose logfile C:\Users\abhim\AppData\Local\npm-cache\_logs\2025-06-02T20_31_54_594Z-debug-0.log
11 silly logfile done cleaning log files
12 silly package data {
12 silly package data   name: 'node-js',
12 silly package data   version: '1.0.0',
12 silly package data   main: 'index.js',
12 silly package data   scripts: { test: 'echo "Error: no test specified" && exit 1' },
12 silly package data   keywords: [],
12 silly package data   author: '',
12 silly package data   license: 'ISC',
12 silly package data   description: ''
12 silly package data }
13 verbose cwd C:\Users\abhim\OneDrive\Desktop\Python\Node Js
14 verbose os Windows_NT 10.0.26100
15 verbose node v22.15.1
16 verbose npm  v10.9.2
17 verbose exit 0
18 info ok
