0 verbose cli C:\Program Files\nodejs\node.exe C:\Program Files\nodejs\node_modules\npm\bin\npm-cli.js
1 info using npm@10.9.2
2 info using node@v22.15.1
3 silly config load:file:C:\Program Files\nodejs\node_modules\npm\npmrc
4 silly config load:file:C:\Users\abhim\OneDrive\Desktop\Python\Node Js\.npmrc
5 silly config load:file:C:\Users\abhim\.npmrc
6 silly config load:file:C:\Users\abhim\AppData\Roaming\npm\etc\npmrc
7 verbose title npm install nodemon
8 verbose argv "install" "nodemon"
9 verbose logfile logs-max:10 dir:C:\Users\abhim\AppData\Local\npm-cache\_logs\2025-06-02T20_32_07_434Z-
10 verbose logfile C:\Users\abhim\AppData\Local\npm-cache\_logs\2025-06-02T20_32_07_434Z-debug-0.log
11 silly logfile done cleaning log files
12 silly packumentCache heap:2197815296 maxSize:549453824 maxEntrySize:274726912
13 silly idealTree buildDeps
14 silly fetch manifest nodemon@*
15 silly packumentCache full:https://registry.npmjs.org/nodemon cache-miss
16 http fetch GET 200 https://registry.npmjs.org/nodemon 980ms (cache miss)
17 silly packumentCache full:https://registry.npmjs.org/nodemon set size:undefined disposed:false
18 silly placeDep ROOT nodemon@3.1.10 OK for: node-js@1.0.0 want: *
19 silly fetch manifest chokidar@^3.5.2
20 silly packumentCache full:https://registry.npmjs.org/chokidar cache-miss
21 silly fetch manifest debug@^4
22 silly packumentCache full:https://registry.npmjs.org/debug cache-miss
23 silly fetch manifest ignore-by-default@^1.0.1
24 silly packumentCache full:https://registry.npmjs.org/ignore-by-default cache-miss
25 silly fetch manifest minimatch@^3.1.2
26 silly packumentCache full:https://registry.npmjs.org/minimatch cache-miss
27 silly fetch manifest pstree.remy@^1.1.8
28 silly packumentCache full:https://registry.npmjs.org/pstree.remy cache-miss
29 silly fetch manifest semver@^7.5.3
30 silly packumentCache full:https://registry.npmjs.org/semver cache-miss
31 silly fetch manifest simple-update-notifier@^2.0.0
32 silly packumentCache full:https://registry.npmjs.org/simple-update-notifier cache-miss
33 http fetch GET 200 https://registry.npmjs.org/chokidar 667ms (cache miss)
34 silly packumentCache full:https://registry.npmjs.org/chokidar set size:undefined disposed:false
35 silly fetch manifest supports-color@^5.5.0
36 silly packumentCache full:https://registry.npmjs.org/supports-color cache-miss
37 http fetch GET 200 https://registry.npmjs.org/supports-color 179ms (cache miss)
38 silly packumentCache full:https://registry.npmjs.org/supports-color set size:undefined disposed:false
39 silly fetch manifest touch@^3.1.0
40 silly packumentCache full:https://registry.npmjs.org/touch cache-miss
41 http fetch GET 200 https://registry.npmjs.org/ignore-by-default 985ms (cache miss)
42 silly packumentCache full:https://registry.npmjs.org/ignore-by-default set size:undefined disposed:false
43 silly fetch manifest undefsafe@^2.0.5
44 silly packumentCache full:https://registry.npmjs.org/undefsafe cache-miss
45 http fetch GET 200 https://registry.npmjs.org/pstree.remy 987ms (cache miss)
46 silly packumentCache full:https://registry.npmjs.org/pstree.remy set size:undefined disposed:false
47 http fetch GET 200 https://registry.npmjs.org/simple-update-notifier 988ms (cache miss)
48 silly packumentCache full:https://registry.npmjs.org/simple-update-notifier set size:undefined disposed:false
49 http fetch GET 200 https://registry.npmjs.org/minimatch 1187ms (cache miss)
50 silly packumentCache full:https://registry.npmjs.org/minimatch set size:undefined disposed:false
51 http fetch GET 200 https://registry.npmjs.org/debug 1193ms (cache miss)
52 silly packumentCache full:https://registry.npmjs.org/debug set size:undefined disposed:false
53 http fetch GET 200 https://registry.npmjs.org/touch 344ms (cache miss)
54 silly packumentCache full:https://registry.npmjs.org/touch set size:undefined disposed:false
55 http fetch GET 200 https://registry.npmjs.org/semver 1216ms (cache miss)
56 silly packumentCache full:https://registry.npmjs.org/semver set size:undefined disposed:false
57 http fetch GET 200 https://registry.npmjs.org/undefsafe 564ms (cache miss)
58 silly packumentCache full:https://registry.npmjs.org/undefsafe set size:undefined disposed:false
59 silly placeDep ROOT chokidar@3.6.0 OK for: nodemon@3.1.10 want: ^3.5.2
60 silly placeDep ROOT debug@4.4.1 OK for: nodemon@3.1.10 want: ^4
61 silly placeDep ROOT ignore-by-default@1.0.1 OK for: nodemon@3.1.10 want: ^1.0.1
62 silly placeDep ROOT minimatch@3.1.2 OK for: nodemon@3.1.10 want: ^3.1.2
63 silly placeDep ROOT pstree.remy@1.1.8 OK for: nodemon@3.1.10 want: ^1.1.8
64 silly placeDep ROOT semver@7.7.2 OK for: nodemon@3.1.10 want: ^7.5.3
65 silly placeDep ROOT simple-update-notifier@2.0.0 OK for: nodemon@3.1.10 want: ^2.0.0
66 silly placeDep ROOT supports-color@5.5.0 OK for: nodemon@3.1.10 want: ^5.5.0
67 silly placeDep ROOT touch@3.1.1 OK for: nodemon@3.1.10 want: ^3.1.0
68 silly placeDep ROOT undefsafe@2.0.5 OK for: nodemon@3.1.10 want: ^2.0.5
69 silly fetch manifest braces@~3.0.2
70 silly packumentCache full:https://registry.npmjs.org/braces cache-miss
71 silly fetch manifest is-glob@~4.0.1
72 silly packumentCache full:https://registry.npmjs.org/is-glob cache-miss
73 silly fetch manifest anymatch@~3.1.2
74 silly packumentCache full:https://registry.npmjs.org/anymatch cache-miss
75 silly fetch manifest readdirp@~3.6.0
76 silly packumentCache full:https://registry.npmjs.org/readdirp cache-miss
77 silly fetch manifest glob-parent@~5.1.2
78 silly packumentCache full:https://registry.npmjs.org/glob-parent cache-miss
79 silly fetch manifest is-binary-path@~2.1.0
80 silly packumentCache full:https://registry.npmjs.org/is-binary-path cache-miss
81 silly fetch manifest normalize-path@~3.0.0
82 silly packumentCache full:https://registry.npmjs.org/normalize-path cache-miss
83 http fetch GET 200 https://registry.npmjs.org/braces 344ms (cache miss)
84 silly packumentCache full:https://registry.npmjs.org/braces set size:undefined disposed:false
85 silly fetch manifest fsevents@~2.3.2
86 silly packumentCache full:https://registry.npmjs.org/fsevents cache-miss
87 http fetch GET 200 https://registry.npmjs.org/glob-parent 346ms (cache miss)
88 silly packumentCache full:https://registry.npmjs.org/glob-parent set size:undefined disposed:false
89 silly fetch manifest ms@^2.1.3
90 silly packumentCache full:https://registry.npmjs.org/ms cache-miss
91 http fetch GET 200 https://registry.npmjs.org/readdirp 349ms (cache miss)
92 silly packumentCache full:https://registry.npmjs.org/readdirp set size:undefined disposed:false
93 silly fetch manifest brace-expansion@^1.1.7
94 silly packumentCache full:https://registry.npmjs.org/brace-expansion cache-miss
95 http fetch GET 200 https://registry.npmjs.org/anymatch 352ms (cache miss)
96 silly packumentCache full:https://registry.npmjs.org/anymatch set size:undefined disposed:false
97 silly fetch manifest has-flag@^3.0.0
98 silly packumentCache full:https://registry.npmjs.org/has-flag cache-miss
99 http fetch GET 200 https://registry.npmjs.org/is-glob 356ms (cache miss)
100 silly packumentCache full:https://registry.npmjs.org/is-glob set size:undefined disposed:false
101 http fetch GET 200 https://registry.npmjs.org/is-binary-path 356ms (cache miss)
102 silly packumentCache full:https://registry.npmjs.org/is-binary-path set size:undefined disposed:false
103 http fetch GET 200 https://registry.npmjs.org/normalize-path 356ms (cache miss)
104 silly packumentCache full:https://registry.npmjs.org/normalize-path set size:undefined disposed:false
105 http fetch GET 200 https://registry.npmjs.org/has-flag 300ms (cache miss)
106 silly packumentCache full:https://registry.npmjs.org/has-flag set size:undefined disposed:false
107 http fetch GET 200 https://registry.npmjs.org/ms 322ms (cache miss)
108 silly packumentCache full:https://registry.npmjs.org/ms set size:undefined disposed:false
109 http fetch GET 200 https://registry.npmjs.org/brace-expansion 322ms (cache miss)
110 silly packumentCache full:https://registry.npmjs.org/brace-expansion set size:undefined disposed:false
111 http fetch GET 200 https://registry.npmjs.org/fsevents 331ms (cache miss)
112 silly packumentCache full:https://registry.npmjs.org/fsevents set size:undefined disposed:false
113 silly placeDep ROOT anymatch@3.1.3 OK for: chokidar@3.6.0 want: ~3.1.2
114 silly placeDep ROOT braces@3.0.3 OK for: chokidar@3.6.0 want: ~3.0.2
115 silly placeDep ROOT fsevents@2.3.3 OK for: chokidar@3.6.0 want: ~2.3.2
116 silly placeDep ROOT glob-parent@5.1.2 OK for: chokidar@3.6.0 want: ~5.1.2
117 silly placeDep ROOT is-binary-path@2.1.0 OK for: chokidar@3.6.0 want: ~2.1.0
118 silly placeDep ROOT is-glob@4.0.3 OK for: chokidar@3.6.0 want: ~4.0.1
119 silly placeDep ROOT normalize-path@3.0.0 OK for: chokidar@3.6.0 want: ~3.0.0
120 silly placeDep ROOT readdirp@3.6.0 OK for: chokidar@3.6.0 want: ~3.6.0
121 silly fetch manifest picomatch@^2.0.4
122 silly packumentCache full:https://registry.npmjs.org/picomatch cache-miss
123 silly fetch manifest normalize-path@^3.0.0
124 silly packumentCache full:https://registry.npmjs.org/normalize-path cache-miss
125 silly fetch manifest fill-range@^7.1.1
126 silly packumentCache full:https://registry.npmjs.org/fill-range cache-miss
127 silly fetch manifest is-glob@^4.0.1
128 silly packumentCache full:https://registry.npmjs.org/is-glob cache-miss
129 silly fetch manifest binary-extensions@^2.0.0
130 silly packumentCache full:https://registry.npmjs.org/binary-extensions cache-miss
131 silly fetch manifest is-extglob@^2.1.1
132 silly packumentCache full:https://registry.npmjs.org/is-extglob cache-miss
133 silly fetch manifest picomatch@^2.2.1
134 silly packumentCache full:https://registry.npmjs.org/picomatch cache-miss
135 http cache https://registry.npmjs.org/normalize-path 22ms (cache hit)
136 silly packumentCache full:https://registry.npmjs.org/normalize-path set size:28713 disposed:false
137 http cache https://registry.npmjs.org/is-glob 22ms (cache hit)
138 silly packumentCache full:https://registry.npmjs.org/is-glob set size:40530 disposed:false
139 http fetch GET 200 https://registry.npmjs.org/fill-range 172ms (cache miss)
140 silly packumentCache full:https://registry.npmjs.org/fill-range set size:undefined disposed:false
141 http fetch GET 200 https://registry.npmjs.org/picomatch 309ms (cache miss)
142 silly packumentCache full:https://registry.npmjs.org/picomatch set size:undefined disposed:false
143 http fetch GET 200 https://registry.npmjs.org/picomatch 311ms (cache miss)
144 silly packumentCache full:https://registry.npmjs.org/picomatch set size:undefined disposed:false
145 http fetch GET 200 https://registry.npmjs.org/is-extglob 314ms (cache miss)
146 silly packumentCache full:https://registry.npmjs.org/is-extglob set size:undefined disposed:false
147 http fetch GET 200 https://registry.npmjs.org/binary-extensions 315ms (cache miss)
148 silly packumentCache full:https://registry.npmjs.org/binary-extensions set size:undefined disposed:false
149 silly placeDep ROOT picomatch@2.3.1 OK for: anymatch@3.1.3 want: ^2.0.4
150 silly placeDep ROOT fill-range@7.1.1 OK for: braces@3.0.3 want: ^7.1.1
151 silly fetch manifest to-regex-range@^5.0.1
152 silly packumentCache full:https://registry.npmjs.org/to-regex-range cache-miss
153 http fetch GET 200 https://registry.npmjs.org/to-regex-range 282ms (cache miss)
154 silly packumentCache full:https://registry.npmjs.org/to-regex-range set size:undefined disposed:false
155 silly placeDep ROOT ms@2.1.3 OK for: debug@4.4.1 want: ^2.1.3
156 silly placeDep ROOT to-regex-range@5.0.1 OK for: fill-range@7.1.1 want: ^5.0.1
157 silly fetch manifest is-number@^7.0.0
158 silly packumentCache full:https://registry.npmjs.org/is-number cache-miss
159 http fetch GET 200 https://registry.npmjs.org/is-number 184ms (cache miss)
160 silly packumentCache full:https://registry.npmjs.org/is-number set size:undefined disposed:false
161 silly placeDep ROOT binary-extensions@2.3.0 OK for: is-binary-path@2.1.0 want: ^2.0.0
162 silly placeDep ROOT is-extglob@2.1.1 OK for: is-glob@4.0.3 want: ^2.1.1
163 silly placeDep ROOT brace-expansion@1.1.11 OK for: minimatch@3.1.2 want: ^1.1.7
164 silly fetch manifest balanced-match@^1.0.0
165 silly packumentCache full:https://registry.npmjs.org/balanced-match cache-miss
166 silly fetch manifest concat-map@0.0.1
167 silly packumentCache full:https://registry.npmjs.org/concat-map cache-miss
168 http fetch GET 200 https://registry.npmjs.org/concat-map 128ms (cache miss)
169 silly packumentCache full:https://registry.npmjs.org/concat-map set size:undefined disposed:false
170 http fetch GET 200 https://registry.npmjs.org/balanced-match 131ms (cache miss)
171 silly packumentCache full:https://registry.npmjs.org/balanced-match set size:undefined disposed:false
172 silly placeDep ROOT balanced-match@1.0.2 OK for: brace-expansion@1.1.11 want: ^1.0.0
173 silly placeDep ROOT concat-map@0.0.1 OK for: brace-expansion@1.1.11 want: 0.0.1
174 silly placeDep ROOT has-flag@3.0.0 OK for: supports-color@5.5.0 want: ^3.0.0
175 silly placeDep ROOT is-number@7.0.0 OK for: to-regex-range@5.0.1 want: ^7.0.0
176 silly reify moves {}
177 silly audit bulk request {
177 silly audit   nodemon: [ '3.1.10' ],
177 silly audit   chokidar: [ '3.6.0' ],
177 silly audit   debug: [ '4.4.1' ],
177 silly audit   'ignore-by-default': [ '1.0.1' ],
177 silly audit   minimatch: [ '3.1.2' ],
177 silly audit   'pstree.remy': [ '1.1.8' ],
177 silly audit   semver: [ '7.7.2' ],
177 silly audit   'simple-update-notifier': [ '2.0.0' ],
177 silly audit   'supports-color': [ '5.5.0' ],
177 silly audit   touch: [ '3.1.1' ],
177 silly audit   undefsafe: [ '2.0.5' ],
177 silly audit   anymatch: [ '3.1.3' ],
177 silly audit   braces: [ '3.0.3' ],
177 silly audit   fsevents: [ '2.3.3' ],
177 silly audit   'glob-parent': [ '5.1.2' ],
177 silly audit   'is-binary-path': [ '2.1.0' ],
177 silly audit   'is-glob': [ '4.0.3' ],
177 silly audit   'normalize-path': [ '3.0.0' ],
177 silly audit   readdirp: [ '3.6.0' ],
177 silly audit   picomatch: [ '2.3.1' ],
177 silly audit   'fill-range': [ '7.1.1' ],
177 silly audit   ms: [ '2.1.3' ],
177 silly audit   'to-regex-range': [ '5.0.1' ],
177 silly audit   'binary-extensions': [ '2.3.0' ],
177 silly audit   'is-extglob': [ '2.1.1' ],
177 silly audit   'brace-expansion': [ '1.1.11' ],
177 silly audit   'balanced-match': [ '1.0.2' ],
177 silly audit   'concat-map': [ '0.0.1' ],
177 silly audit   'has-flag': [ '3.0.0' ],
177 silly audit   'is-number': [ '7.0.0' ]
177 silly audit }
178 verbose reify failed optional dependency C:\Users\abhim\OneDrive\Desktop\Python\Node Js\node_modules\fsevents
179 silly reify mark deleted [
179 silly reify   'C:\\Users\\abhim\\OneDrive\\Desktop\\Python\\Node Js\\node_modules\\fsevents'
179 silly reify ]
180 http cache is-number@https://registry.npmjs.org/is-number/-/is-number-7.0.0.tgz 0ms (cache hit)
181 http cache has-flag@https://registry.npmjs.org/has-flag/-/has-flag-3.0.0.tgz 0ms (cache hit)
182 http cache balanced-match@https://registry.npmjs.org/balanced-match/-/balanced-match-1.0.2.tgz 0ms (cache hit)
183 http cache concat-map@https://registry.npmjs.org/concat-map/-/concat-map-0.0.1.tgz 0ms (cache hit)
184 http cache brace-expansion@https://registry.npmjs.org/brace-expansion/-/brace-expansion-1.1.11.tgz 0ms (cache hit)
185 http cache to-regex-range@https://registry.npmjs.org/to-regex-range/-/to-regex-range-5.0.1.tgz 1ms (cache hit)
186 http cache binary-extensions@https://registry.npmjs.org/binary-extensions/-/binary-extensions-2.3.0.tgz 0ms (cache hit)
187 http cache ms@https://registry.npmjs.org/ms/-/ms-2.1.3.tgz 0ms (cache hit)
188 http cache fill-range@https://registry.npmjs.org/fill-range/-/fill-range-7.1.1.tgz 0ms (cache hit)
189 http cache is-extglob@https://registry.npmjs.org/is-extglob/-/is-extglob-2.1.1.tgz 0ms (cache hit)
190 http cache picomatch@https://registry.npmjs.org/picomatch/-/picomatch-2.3.1.tgz 0ms (cache hit)
191 http cache readdirp@https://registry.npmjs.org/readdirp/-/readdirp-3.6.0.tgz 0ms (cache hit)
192 http cache is-glob@https://registry.npmjs.org/is-glob/-/is-glob-4.0.3.tgz 0ms (cache hit)
193 http cache normalize-path@https://registry.npmjs.org/normalize-path/-/normalize-path-3.0.0.tgz 0ms (cache hit)
194 http cache is-binary-path@https://registry.npmjs.org/is-binary-path/-/is-binary-path-2.1.0.tgz 0ms (cache hit)
195 http cache glob-parent@https://registry.npmjs.org/glob-parent/-/glob-parent-5.1.2.tgz 0ms (cache hit)
196 http cache braces@https://registry.npmjs.org/braces/-/braces-3.0.3.tgz 0ms (cache hit)
197 http cache undefsafe@https://registry.npmjs.org/undefsafe/-/undefsafe-2.0.5.tgz 0ms (cache hit)
198 http cache anymatch@https://registry.npmjs.org/anymatch/-/anymatch-3.1.3.tgz 0ms (cache hit)
199 http cache supports-color@https://registry.npmjs.org/supports-color/-/supports-color-5.5.0.tgz 0ms (cache hit)
200 http cache touch@https://registry.npmjs.org/touch/-/touch-3.1.1.tgz 0ms (cache hit)
201 http cache simple-update-notifier@https://registry.npmjs.org/simple-update-notifier/-/simple-update-notifier-2.0.0.tgz 0ms (cache hit)
202 http cache semver@https://registry.npmjs.org/semver/-/semver-7.7.2.tgz 0ms (cache hit)
203 http cache minimatch@https://registry.npmjs.org/minimatch/-/minimatch-3.1.2.tgz 0ms (cache hit)
204 http cache pstree.remy@https://registry.npmjs.org/pstree.remy/-/pstree.remy-1.1.8.tgz 0ms (cache hit)
205 http cache ignore-by-default@https://registry.npmjs.org/ignore-by-default/-/ignore-by-default-1.0.1.tgz 0ms (cache hit)
206 http cache debug@https://registry.npmjs.org/debug/-/debug-4.4.1.tgz 0ms (cache hit)
207 silly tarball no local data for is-number@https://registry.npmjs.org/is-number/-/is-number-7.0.0.tgz. Extracting by manifest.
208 silly tarball no local data for has-flag@https://registry.npmjs.org/has-flag/-/has-flag-3.0.0.tgz. Extracting by manifest.
209 http cache chokidar@https://registry.npmjs.org/chokidar/-/chokidar-3.6.0.tgz 0ms (cache hit)
210 silly tarball no local data for balanced-match@https://registry.npmjs.org/balanced-match/-/balanced-match-1.0.2.tgz. Extracting by manifest.
211 silly tarball no local data for concat-map@https://registry.npmjs.org/concat-map/-/concat-map-0.0.1.tgz. Extracting by manifest.
212 silly tarball no local data for brace-expansion@https://registry.npmjs.org/brace-expansion/-/brace-expansion-1.1.11.tgz. Extracting by manifest.
213 silly tarball no local data for to-regex-range@https://registry.npmjs.org/to-regex-range/-/to-regex-range-5.0.1.tgz. Extracting by manifest.
214 silly tarball no local data for binary-extensions@https://registry.npmjs.org/binary-extensions/-/binary-extensions-2.3.0.tgz. Extracting by manifest.
215 silly tarball no local data for ms@https://registry.npmjs.org/ms/-/ms-2.1.3.tgz. Extracting by manifest.
216 silly tarball no local data for fill-range@https://registry.npmjs.org/fill-range/-/fill-range-7.1.1.tgz. Extracting by manifest.
217 silly tarball no local data for is-extglob@https://registry.npmjs.org/is-extglob/-/is-extglob-2.1.1.tgz. Extracting by manifest.
218 silly tarball no local data for picomatch@https://registry.npmjs.org/picomatch/-/picomatch-2.3.1.tgz. Extracting by manifest.
219 silly tarball no local data for readdirp@https://registry.npmjs.org/readdirp/-/readdirp-3.6.0.tgz. Extracting by manifest.
220 silly tarball no local data for is-glob@https://registry.npmjs.org/is-glob/-/is-glob-4.0.3.tgz. Extracting by manifest.
221 silly tarball no local data for normalize-path@https://registry.npmjs.org/normalize-path/-/normalize-path-3.0.0.tgz. Extracting by manifest.
222 silly tarball no local data for is-binary-path@https://registry.npmjs.org/is-binary-path/-/is-binary-path-2.1.0.tgz. Extracting by manifest.
223 silly tarball no local data for glob-parent@https://registry.npmjs.org/glob-parent/-/glob-parent-5.1.2.tgz. Extracting by manifest.
224 silly tarball no local data for braces@https://registry.npmjs.org/braces/-/braces-3.0.3.tgz. Extracting by manifest.
225 silly tarball no local data for undefsafe@https://registry.npmjs.org/undefsafe/-/undefsafe-2.0.5.tgz. Extracting by manifest.
226 silly tarball no local data for anymatch@https://registry.npmjs.org/anymatch/-/anymatch-3.1.3.tgz. Extracting by manifest.
227 silly tarball no local data for supports-color@https://registry.npmjs.org/supports-color/-/supports-color-5.5.0.tgz. Extracting by manifest.
228 http cache nodemon@https://registry.npmjs.org/nodemon/-/nodemon-3.1.10.tgz 0ms (cache hit)
229 silly tarball no local data for touch@https://registry.npmjs.org/touch/-/touch-3.1.1.tgz. Extracting by manifest.
230 silly tarball no local data for simple-update-notifier@https://registry.npmjs.org/simple-update-notifier/-/simple-update-notifier-2.0.0.tgz. Extracting by manifest.
231 silly tarball no local data for semver@https://registry.npmjs.org/semver/-/semver-7.7.2.tgz. Extracting by manifest.
232 silly tarball no local data for minimatch@https://registry.npmjs.org/minimatch/-/minimatch-3.1.2.tgz. Extracting by manifest.
233 silly tarball no local data for pstree.remy@https://registry.npmjs.org/pstree.remy/-/pstree.remy-1.1.8.tgz. Extracting by manifest.
234 silly tarball no local data for ignore-by-default@https://registry.npmjs.org/ignore-by-default/-/ignore-by-default-1.0.1.tgz. Extracting by manifest.
235 silly tarball no local data for debug@https://registry.npmjs.org/debug/-/debug-4.4.1.tgz. Extracting by manifest.
236 silly tarball no local data for chokidar@https://registry.npmjs.org/chokidar/-/chokidar-3.6.0.tgz. Extracting by manifest.
237 silly tarball no local data for nodemon@https://registry.npmjs.org/nodemon/-/nodemon-3.1.10.tgz. Extracting by manifest.
238 http fetch GET 200 https://registry.npmjs.org/is-number/-/is-number-7.0.0.tgz 135ms (cache miss)
239 http fetch GET 200 https://registry.npmjs.org/has-flag/-/has-flag-3.0.0.tgz 135ms (cache miss)
240 http fetch GET 200 https://registry.npmjs.org/balanced-match/-/balanced-match-1.0.2.tgz 136ms (cache miss)
241 http fetch GET 200 https://registry.npmjs.org/brace-expansion/-/brace-expansion-1.1.11.tgz 138ms (cache miss)
242 http fetch GET 200 https://registry.npmjs.org/concat-map/-/concat-map-0.0.1.tgz 146ms (cache miss)
243 http fetch GET 200 https://registry.npmjs.org/to-regex-range/-/to-regex-range-5.0.1.tgz 146ms (cache miss)
244 http fetch POST 200 https://registry.npmjs.org/-/npm/v1/security/advisories/bulk 420ms
245 silly audit report {}
246 http fetch GET 200 https://registry.npmjs.org/anymatch/-/anymatch-3.1.3.tgz 440ms (cache miss)
247 http fetch GET 200 https://registry.npmjs.org/is-binary-path/-/is-binary-path-2.1.0.tgz 442ms (cache miss)
248 http fetch GET 200 https://registry.npmjs.org/undefsafe/-/undefsafe-2.0.5.tgz 442ms (cache miss)
249 http fetch GET 200 https://registry.npmjs.org/supports-color/-/supports-color-5.5.0.tgz 443ms (cache miss)
250 http fetch GET 200 https://registry.npmjs.org/glob-parent/-/glob-parent-5.1.2.tgz 448ms (cache miss)
251 http fetch GET 200 https://registry.npmjs.org/braces/-/braces-3.0.3.tgz 454ms (cache miss)
252 http fetch GET 200 https://registry.npmjs.org/ignore-by-default/-/ignore-by-default-1.0.1.tgz 564ms (cache miss)
253 http fetch GET 200 https://registry.npmjs.org/touch/-/touch-3.1.1.tgz 569ms (cache miss)
254 http fetch GET 200 https://registry.npmjs.org/simple-update-notifier/-/simple-update-notifier-2.0.0.tgz 669ms (cache miss)
255 http fetch GET 200 https://registry.npmjs.org/debug/-/debug-4.4.1.tgz 676ms (cache miss)
256 http fetch GET 200 https://registry.npmjs.org/ms/-/ms-2.1.3.tgz 695ms (cache miss)
257 http fetch GET 200 https://registry.npmjs.org/is-extglob/-/is-extglob-2.1.1.tgz 698ms (cache miss)
258 http fetch GET 200 https://registry.npmjs.org/minimatch/-/minimatch-3.1.2.tgz 694ms (cache miss)
259 http fetch GET 200 https://registry.npmjs.org/binary-extensions/-/binary-extensions-2.3.0.tgz 702ms (cache miss)
260 http fetch GET 200 https://registry.npmjs.org/fill-range/-/fill-range-7.1.1.tgz 702ms (cache miss)
261 http fetch GET 200 https://registry.npmjs.org/is-glob/-/is-glob-4.0.3.tgz 701ms (cache miss)
262 http fetch GET 200 https://registry.npmjs.org/normalize-path/-/normalize-path-3.0.0.tgz 702ms (cache miss)
263 http fetch GET 200 https://registry.npmjs.org/pstree.remy/-/pstree.remy-1.1.8.tgz 701ms (cache miss)
264 http fetch GET 200 https://registry.npmjs.org/readdirp/-/readdirp-3.6.0.tgz 708ms (cache miss)
265 http fetch GET 200 https://registry.npmjs.org/picomatch/-/picomatch-2.3.1.tgz 727ms (cache miss)
266 http fetch GET 200 https://registry.npmjs.org/semver/-/semver-7.7.2.tgz 769ms (cache miss)
267 http fetch GET 200 https://registry.npmjs.org/nodemon/-/nodemon-3.1.10.tgz 768ms (cache miss)
268 http fetch GET 200 https://registry.npmjs.org/chokidar/-/chokidar-3.6.0.tgz 811ms (cache miss)
269 silly ADD node_modules/is-number
270 silly ADD node_modules/has-flag
271 silly ADD node_modules/concat-map
272 silly ADD node_modules/balanced-match
273 silly ADD node_modules/brace-expansion
274 silly ADD node_modules/is-extglob
275 silly ADD node_modules/binary-extensions
276 silly ADD node_modules/to-regex-range
277 silly ADD node_modules/ms
278 silly ADD node_modules/fill-range
279 silly ADD node_modules/picomatch
280 silly ADD node_modules/readdirp
281 silly ADD node_modules/normalize-path
282 silly ADD node_modules/is-glob
283 silly ADD node_modules/is-binary-path
284 silly ADD node_modules/glob-parent
285 silly ADD
286 silly ADD node_modules/braces
287 silly ADD node_modules/anymatch
288 silly ADD node_modules/undefsafe
289 silly ADD node_modules/touch
290 silly ADD node_modules/supports-color
291 silly ADD node_modules/simple-update-notifier
292 silly ADD node_modules/semver
293 silly ADD node_modules/pstree.remy
294 silly ADD node_modules/minimatch
295 silly ADD node_modules/ignore-by-default
296 silly ADD node_modules/debug
297 silly ADD node_modules/chokidar
298 silly ADD node_modules/nodemon
299 verbose cwd C:\Users\abhim\OneDrive\Desktop\Python\Node Js
300 verbose os Windows_NT 10.0.26100
301 verbose node v22.15.1
302 verbose npm  v10.9.2
303 verbose exit 0
304 info ok
