0 verbose cli C:\Program Files\nodejs\node.exe C:\Program Files\nodejs\node_modules\npm\bin\npm-cli.js
1 info using npm@10.9.2
2 info using node@v22.15.1
3 silly config load:file:C:\Program Files\nodejs\node_modules\npm\npmrc
4 silly config load:file:C:\Users\abhim\AppData\Local\Microsoft\TypeScript\5.8\.npmrc
5 silly config load:file:C:\Users\abhim\.npmrc
6 silly config load:file:C:\Users\abhim\AppData\Roaming\npm\etc\npmrc
7 verbose title npm install @types/react@ts5.8
8 verbose argv "install" "--ignore-scripts" "@types/react@ts5.8" "--save-dev" "--user-agent" "typesInstaller/5.8.3"
9 verbose logfile logs-max:10 dir:C:\Users\abhim\AppData\Local\npm-cache\_logs\2025-05-20T18_06_30_752Z-
10 verbose logfile C:\Users\abhim\AppData\Local\npm-cache\_logs\2025-05-20T18_06_30_752Z-debug-0.log
11 silly logfile done cleaning log files
12 silly packumentCache heap:2197815296 maxSize:549453824 maxEntrySize:274726912
13 silly packumentCache corgi:https://registry.npmjs.org/@types%2freact cache-miss
14 http fetch GET 200 https://registry.npmjs.org/@types%2freact 493ms (cache miss)
15 silly packumentCache corgi:https://registry.npmjs.org/@types%2freact set size:undefined disposed:false
16 silly idealTree buildDeps
17 silly fetch manifest @types/react@19.1.4
18 silly packumentCache full:https://registry.npmjs.org/@types%2freact cache-miss
19 http fetch GET 200 https://registry.npmjs.org/@types%2freact 97ms (cache miss)
20 silly packumentCache full:https://registry.npmjs.org/@types%2freact set size:undefined disposed:false
21 silly placeDep ROOT @types/react@19.1.4 OK for:  want: 19.1.4
22 silly fetch manifest csstype@^3.0.2
23 silly packumentCache full:https://registry.npmjs.org/csstype cache-miss
24 http fetch GET 200 https://registry.npmjs.org/csstype 112ms (cache miss)
25 silly packumentCache full:https://registry.npmjs.org/csstype set size:undefined disposed:false
26 silly placeDep ROOT csstype@3.1.3 OK for: @types/react@19.1.4 want: ^3.0.2
27 silly reify moves {}
28 silly audit bulk request {
28 silly audit   'types-registry': [ '0.1.721' ],
28 silly audit   '@types/react': [ '19.1.4' ],
28 silly audit   csstype: [ '3.1.3' ]
28 silly audit }
29 http cache @types/react@https://registry.npmjs.org/@types/react/-/react-19.1.4.tgz 1ms (cache hit)
30 http cache csstype@https://registry.npmjs.org/csstype/-/csstype-3.1.3.tgz 0ms (cache hit)
31 silly tarball no local data for @types/react@https://registry.npmjs.org/@types/react/-/react-19.1.4.tgz. Extracting by manifest.
32 silly tarball no local data for csstype@https://registry.npmjs.org/csstype/-/csstype-3.1.3.tgz. Extracting by manifest.
33 http fetch POST 200 https://registry.npmjs.org/-/npm/v1/security/advisories/bulk 127ms
34 silly audit report {}
35 http fetch GET 200 https://registry.npmjs.org/csstype/-/csstype-3.1.3.tgz 290ms (cache miss)
36 http fetch GET 200 https://registry.npmjs.org/@types/react/-/react-19.1.4.tgz 612ms (cache miss)
37 silly ADD node_modules/csstype
38 silly ADD node_modules/@types/react
39 verbose cwd C:\Users\abhim\AppData\Local\Microsoft\TypeScript\5.8
40 verbose os Windows_NT 10.0.26100
41 verbose node v22.15.1
42 verbose npm  v10.9.2
43 verbose exit 0
44 info ok
